# JRE version: OpenJDK Runtime Environment (8.0_222-b10) (build 1.8.0_222-8u222-b10-1ubuntu1~18.04.1-b10)
# Java VM: OpenJDK 64-Bit Server VM (25.222-b10 mixed mode linux-amd64 compressed oops)
Heap:
 garbage-first heap   total 262144K, used 19894K [0x00000000c0000000, 0x00000000c0100800, 0x0000000100000000)
  region size 1024K, 1 young (1024K), 1 survivors (1024K)
 Metaspace       used 32631K, capacity 34382K, committed 34688K, reserved 1079296K
  class space    used 3510K, capacity 4140K, committed 4224K, reserved 1048576K
GC Heap History (10 events):
Event: 34.547 GC heap after
Heap after GC invocations=28 (full 0):
 garbage-first heap   total 32768K, used 19608K [0x00000000c0000000, 0x00000000c0100100, 0x0000000100000000)
  region size 1024K, 2 young (2048K), 2 survivors (2048K)
 Metaspace       used 29982K, capacity 31818K, committed 32000K, reserved 1077248K
  class space    used 3204K, capacity 3823K, committed 3840K, reserved 1048576K
}
Event: 34.707 GC heap before
{Heap before GC invocations=28 (full 0):
 garbage-first heap   total 32768K, used 20632K [0x00000000c0000000, 0x00000000c0100100, 0x0000000100000000)
  region size 1024K, 3 young (3072K), 2 survivors (2048K)
 Metaspace       used 30183K, capacity 31978K, committed 32128K, reserved 1077248K
  class space    used 3228K, capacity 3855K, committed 3968K, reserved 1048576K
Event: 34.774 GC heap after
Heap after GC invocations=29 (full 0):
 garbage-first heap   total 32768K, used 17317K [0x00000000c0000000, 0x00000000c0100100, 0x0000000100000000)
  region size 1024K, 1 young (1024K), 1 survivors (1024K)
 Metaspace       used 30183K, capacity 31978K, committed 32128K, reserved 1077248K
  class space    used 3228K, capacity 3855K, committed 3968K, reserved 1048576K
}
Event: 34.991 GC heap before
{Heap before GC invocations=29 (full 0):
 garbage-first heap   total 32768K, used 18341K [0x00000000c0000000, 0x00000000c0100100, 0x0000000100000000)
  region size 1024K, 2 young (2048K), 1 survivors (1024K)
 Metaspace       used 30618K, capacity 32398K, committed 32640K, reserved 1077248K
  class space    used 3279K, capacity 3891K, committed 3968K, reserved 1048576K
Event: 35.083 GC heap after
Heap after GC invocations=30 (full 0):
 garbage-first heap   total 32768K, used 16744K [0x00000000c0000000, 0x00000000c0100100, 0x0000000100000000)
  region size 1024K, 1 young (1024K), 1 survivors (1024K)
 Metaspace       used 30618K, capacity 32398K, committed 32640K, reserved 1077248K
  class space    used 3279K, capacity 3891K, committed 3968K, reserved 1048576K
}
Event: 35.270 GC heap before
{Heap before GC invocations=30 (full 0):
 garbage-first heap   total 32768K, used 17768K [0x00000000c0000000, 0x00000000c0100100, 0x0000000100000000)
  region size 1024K, 2 young (2048K), 1 survivors (1024K)
 Metaspace       used 30926K, capacity 32740K, committed 32896K, reserved 1079296K
  class space    used 3309K, capacity 3958K, committed 3968K, reserved 1048576K
Event: 35.343 GC heap after
Heap after GC invocations=31 (full 0):
 garbage-first heap   total 65536K, used 16400K [0x00000000c0000000, 0x00000000c0100200, 0x0000000100000000)
  region size 1024K, 1 young (1024K), 1 survivors (1024K)
 Metaspace       used 30926K, capacity 32740K, committed 32896K, reserved 1079296K
  class space    used 3309K, capacity 3958K, committed 3968K, reserved 1048576K
}
Event: 35.754 GC heap before
{Heap before GC invocations=31 (full 0):
 garbage-first heap   total 65536K, used 18448K [0x00000000c0000000, 0x00000000c0100200, 0x0000000100000000)
  region size 1024K, 3 young (3072K), 1 survivors (1024K)
 Metaspace       used 31553K, capacity 33400K, committed 33536K, reserved 1079296K
  class space    used 3381K, capacity 4071K, committed 4096K, reserved 1048576K
Event: 35.815 GC heap after
Heap after GC invocations=32 (full 0):
 garbage-first heap   total 131072K, used 17611K [0x00000000c0000000, 0x00000000c0100400, 0x0000000100000000)
  region size 1024K, 1 young (1024K), 1 survivors (1024K)
 Metaspace       used 31553K, capacity 33400K, committed 33536K, reserved 1079296K
  class space    used 3381K, capacity 4071K, committed 4096K, reserved 1048576K
}
Event: 36.859 GC heap before
{Heap before GC invocations=32 (full 0):
 garbage-first heap   total 131072K, used 22731K [0x00000000c0000000, 0x00000000c0100400, 0x0000000100000000)
  region size 1024K, 6 young (6144K), 1 survivors (1024K)
 Metaspace       used 32631K, capacity 34382K, committed 34688K, reserved 1079296K
  class space    used 3510K, capacity 4140K, committed 4224K, reserved 1048576K

